<?xml version="1.0" encoding="UTF-8"?>
<testng-results ignored="0" total="2" passed="2" failed="0" skipped="0">
  <reporter-output>
  </reporter-output>
  <suite started-at="2023-09-18T10:58:33 IST" name="Default suite" finished-at="2023-09-18T10:59:38 IST" duration-ms="65411">
    <groups>
      <group name="SmokeSuite">
        <method signature="CreateOranisatioWithIndustryTest.demo()[pri:0, instance:vtigerOranisationtest.CreateOranisatioWithIndustryTest@26d9b808]" name="demo" class="vtigerOranisationtest.CreateOranisatioWithIndustryTest"/>
      </group> <!-- SmokeSuite -->
    </groups>
    <test started-at="2023-09-18T10:58:33 IST" name="Default test" finished-at="2023-09-18T10:59:38 IST" duration-ms="65411">
      <class name="vtigerOranisationtest.CreateOranisatioWithIndustryTest">
        <test-method is-config="true" signature="bs()[pri:0, instance:vtigerOranisationtest.CreateOranisatioWithIndustryTest@26d9b808]" started-at="2023-09-18T10:58:33 IST" name="bs" finished-at="2023-09-18T10:58:33 IST" duration-ms="17" status="PASS">
          <reporter-output>
          </reporter-output>
        </test-method> <!-- bs -->
        <test-method is-config="true" signature="bc()[pri:0, instance:vtigerOranisationtest.CreateOranisatioWithIndustryTest@26d9b808]" started-at="2023-09-18T10:58:33 IST" name="bc" finished-at="2023-09-18T10:58:45 IST" duration-ms="11578" status="PASS">
          <reporter-output>
          </reporter-output>
        </test-method> <!-- bc -->
        <test-method is-config="true" signature="bm()[pri:0, instance:vtigerOranisationtest.CreateOranisatioWithIndustryTest@26d9b808]" started-at="2023-09-18T10:58:45 IST" name="bm" finished-at="2023-09-18T10:58:49 IST" duration-ms="4346" status="PASS">
          <reporter-output>
          </reporter-output>
        </test-method> <!-- bm -->
        <test-method signature="demo()[pri:0, instance:vtigerOranisationtest.CreateOranisatioWithIndustryTest@26d9b808]" started-at="2023-09-18T10:58:49 IST" name="demo" finished-at="2023-09-18T10:58:49 IST" duration-ms="12" status="PASS">
          <reporter-output>
          </reporter-output>
        </test-method> <!-- demo -->
        <test-method is-config="true" signature="am()[pri:0, instance:vtigerOranisationtest.CreateOranisatioWithIndustryTest@26d9b808]" started-at="2023-09-18T10:58:49 IST" name="am" finished-at="2023-09-18T10:58:56 IST" duration-ms="7119" status="PASS">
          <reporter-output>
          </reporter-output>
        </test-method> <!-- am -->
        <test-method is-config="true" signature="bm()[pri:0, instance:vtigerOranisationtest.CreateOranisatioWithIndustryTest@26d9b808]" started-at="2023-09-18T10:58:56 IST" name="bm" finished-at="2023-09-18T10:59:02 IST" duration-ms="5552" status="PASS">
          <reporter-output>
          </reporter-output>
        </test-method> <!-- bm -->
        <test-method signature="t()[pri:0, instance:vtigerOranisationtest.CreateOranisatioWithIndustryTest@26d9b808]" started-at="2023-09-18T10:59:02 IST" name="t" finished-at="2023-09-18T10:59:27 IST" duration-ms="25061" status="PASS">
          <reporter-output>
          </reporter-output>
        </test-method> <!-- t -->
        <test-method is-config="true" signature="am()[pri:0, instance:vtigerOranisationtest.CreateOranisatioWithIndustryTest@26d9b808]" started-at="2023-09-18T10:59:27 IST" name="am" finished-at="2023-09-18T10:59:38 IST" duration-ms="11381" status="PASS">
          <reporter-output>
          </reporter-output>
        </test-method> <!-- am -->
        <test-method is-config="true" signature="ac()[pri:0, instance:vtigerOranisationtest.CreateOranisatioWithIndustryTest@26d9b808]" started-at="2023-09-18T10:59:38 IST" name="ac" finished-at="2023-09-18T10:59:38 IST" duration-ms="279" status="PASS">
          <reporter-output>
          </reporter-output>
        </test-method> <!-- ac -->
        <test-method is-config="true" signature="as()[pri:0, instance:vtigerOranisationtest.CreateOranisatioWithIndustryTest@26d9b808]" started-at="2023-09-18T10:59:38 IST" name="as" finished-at="2023-09-18T10:59:38 IST" duration-ms="0" status="PASS">
          <reporter-output>
          </reporter-output>
        </test-method> <!-- as -->
      </class> <!-- vtigerOranisationtest.CreateOranisatioWithIndustryTest -->
    </test> <!-- Default test -->
  </suite> <!-- Default suite -->
</testng-results>
